mode: set
github.com/gopatchy/bkl/diff.go:14.78,17.16 2 1
github.com/gopatchy/bkl/diff.go:17.16,19.3 1 0
github.com/gopatchy/bkl/diff.go:21.2,22.16 2 1
github.com/gopatchy/bkl/diff.go:22.16,24.3 1 1
github.com/gopatchy/bkl/diff.go:26.2,26.62 1 1
github.com/gopatchy/bkl/diff.go:26.62,28.3 1 0
github.com/gopatchy/bkl/diff.go:30.2,31.23 2 1
github.com/gopatchy/bkl/diff.go:31.23,33.3 1 1
github.com/gopatchy/bkl/diff.go:36.2,37.16 2 1
github.com/gopatchy/bkl/diff.go:37.16,39.3 1 0
github.com/gopatchy/bkl/diff.go:41.2,42.16 2 1
github.com/gopatchy/bkl/diff.go:42.16,44.3 1 1
github.com/gopatchy/bkl/diff.go:46.2,46.62 1 1
github.com/gopatchy/bkl/diff.go:46.62,48.3 1 0
github.com/gopatchy/bkl/diff.go:50.2,51.23 2 1
github.com/gopatchy/bkl/diff.go:51.23,53.3 1 1
github.com/gopatchy/bkl/diff.go:56.2,56.54 1 1
github.com/gopatchy/bkl/diff.go:61.73,63.16 2 1
github.com/gopatchy/bkl/diff.go:63.16,65.3 1 0
github.com/gopatchy/bkl/diff.go:68.2,68.34 1 1
github.com/gopatchy/bkl/diff.go:69.22,71.22 2 1
github.com/gopatchy/bkl/diff.go:73.13,79.22 2 1
github.com/gopatchy/bkl/diff.go:81.11,83.57 1 1
github.com/gopatchy/bkl/diff.go:85.10,86.21 1 1
github.com/gopatchy/bkl/diff.go:90.38,91.28 1 1
github.com/gopatchy/bkl/diff.go:92.22,93.28 1 1
github.com/gopatchy/bkl/diff.go:95.13,96.29 1 1
github.com/gopatchy/bkl/diff.go:98.10,99.18 1 1
github.com/gopatchy/bkl/diff.go:99.18,101.4 1 1
github.com/gopatchy/bkl/diff.go:103.3,103.19 1 1
github.com/gopatchy/bkl/diff.go:107.56,108.28 1 1
github.com/gopatchy/bkl/diff.go:109.22,110.31 1 1
github.com/gopatchy/bkl/diff.go:112.10,114.18 1 1
github.com/gopatchy/bkl/diff.go:118.55,121.24 2 1
github.com/gopatchy/bkl/diff.go:121.24,123.13 2 1
github.com/gopatchy/bkl/diff.go:123.13,125.12 2 1
github.com/gopatchy/bkl/diff.go:128.3,129.17 2 1
github.com/gopatchy/bkl/diff.go:129.17,131.4 1 0
github.com/gopatchy/bkl/diff.go:133.3,133.16 1 1
github.com/gopatchy/bkl/diff.go:133.16,135.4 1 1
github.com/gopatchy/bkl/diff.go:138.2,138.21 1 1
github.com/gopatchy/bkl/diff.go:138.21,140.12 2 1
github.com/gopatchy/bkl/diff.go:140.12,141.12 1 1
github.com/gopatchy/bkl/diff.go:144.3,144.21 1 1
github.com/gopatchy/bkl/diff.go:147.2,147.19 1 1
github.com/gopatchy/bkl/diff.go:147.19,149.3 1 1
github.com/gopatchy/bkl/diff.go:151.2,151.17 1 1
github.com/gopatchy/bkl/diff.go:154.48,155.28 1 1
github.com/gopatchy/bkl/diff.go:156.13,157.33 1 1
github.com/gopatchy/bkl/diff.go:159.10,160.18 1 1
github.com/gopatchy/bkl/diff.go:164.48,168.25 2 1
github.com/gopatchy/bkl/diff.go:168.25,169.26 1 1
github.com/gopatchy/bkl/diff.go:169.26,170.33 1 1
github.com/gopatchy/bkl/diff.go:170.33,171.20 1 1
github.com/gopatchy/bkl/diff.go:175.3,175.24 1 1
github.com/gopatchy/bkl/diff.go:178.1,179.25 1 1
github.com/gopatchy/bkl/diff.go:179.25,180.26 1 1
github.com/gopatchy/bkl/diff.go:180.26,181.33 1 1
github.com/gopatchy/bkl/diff.go:181.33,182.20 1 1
github.com/gopatchy/bkl/diff.go:186.3,187.9 2 1
github.com/gopatchy/bkl/diff.go:187.9,192.4 2 1
github.com/gopatchy/bkl/diff.go:192.9,197.4 3 1
github.com/gopatchy/bkl/diff.go:200.2,200.19 1 1
github.com/gopatchy/bkl/diff.go:200.19,202.3 1 1
github.com/gopatchy/bkl/diff.go:204.2,204.17 1 1
github.com/gopatchy/bkl/document.go:13.39,17.2 1 1
github.com/gopatchy/bkl/document.go:19.57,23.2 3 1
github.com/gopatchy/bkl/document.go:25.53,27.2 1 1
github.com/gopatchy/bkl/document.go:29.54,33.2 3 1
github.com/gopatchy/bkl/document.go:35.64,36.35 1 1
github.com/gopatchy/bkl/document.go:36.35,39.43 2 1
github.com/gopatchy/bkl/document.go:39.43,41.4 1 1
github.com/gopatchy/bkl/document.go:45.60,47.16 2 1
github.com/gopatchy/bkl/document.go:47.16,49.3 1 0
github.com/gopatchy/bkl/document.go:51.2,53.35 2 1
github.com/gopatchy/bkl/document.go:53.35,55.3 1 0
github.com/gopatchy/bkl/document.go:57.2,57.16 1 1
github.com/gopatchy/bkl/document.go:60.47,62.8 2 1
github.com/gopatchy/bkl/document.go:62.8,64.3 1 1
github.com/gopatchy/bkl/document.go:64.8,66.3 1 1
github.com/gopatchy/bkl/document.go:69.56,71.20 2 1
github.com/gopatchy/bkl/document.go:71.20,73.3 1 1
github.com/gopatchy/bkl/document.go:75.2,77.11 2 1
github.com/gopatchy/bkl/document.go:77.11,79.3 1 1
github.com/gopatchy/bkl/document.go:81.2,81.19 1 1
github.com/gopatchy/bkl/document.go:84.99,90.16 4 1
github.com/gopatchy/bkl/document.go:90.16,92.3 1 1
github.com/gopatchy/bkl/document.go:94.2,95.16 2 1
github.com/gopatchy/bkl/document.go:95.16,97.3 1 1
github.com/gopatchy/bkl/document.go:99.2,99.27 1 1
github.com/gopatchy/bkl/document.go:99.27,101.17 2 1
github.com/gopatchy/bkl/document.go:101.17,103.4 1 1
github.com/gopatchy/bkl/document.go:106.2,106.18 1 1
github.com/gopatchy/bkl/document.go:109.36,111.2 1 1
github.com/gopatchy/bkl/evalcontext.go:12.57,15.24 2 1
github.com/gopatchy/bkl/evalcontext.go:15.24,17.3 1 1
github.com/gopatchy/bkl/evalcontext.go:19.2,21.3 1 1
github.com/gopatchy/bkl/evalcontext.go:24.45,28.2 1 1
github.com/gopatchy/bkl/evalcontext.go:30.57,32.11 2 1
github.com/gopatchy/bkl/evalcontext.go:32.11,34.3 1 1
github.com/gopatchy/bkl/evalcontext.go:36.2,36.61 1 1
github.com/gopatchy/bkl/file.go:19.86,26.18 2 1
github.com/gopatchy/bkl/file.go:26.18,28.3 1 1
github.com/gopatchy/bkl/file.go:30.2,33.16 3 1
github.com/gopatchy/bkl/file.go:33.16,35.3 1 0
github.com/gopatchy/bkl/file.go:37.2,39.19 2 1
github.com/gopatchy/bkl/file.go:39.19,41.3 1 0
github.com/gopatchy/bkl/file.go:43.2,43.15 1 1
github.com/gopatchy/bkl/file.go:43.15,45.17 2 1
github.com/gopatchy/bkl/file.go:45.17,47.4 1 0
github.com/gopatchy/bkl/file.go:49.3,49.19 1 1
github.com/gopatchy/bkl/file.go:52.2,53.16 2 1
github.com/gopatchy/bkl/file.go:53.16,55.3 1 0
github.com/gopatchy/bkl/file.go:57.2,58.16 2 1
github.com/gopatchy/bkl/file.go:58.16,60.3 1 1
github.com/gopatchy/bkl/file.go:62.2,62.27 1 1
github.com/gopatchy/bkl/file.go:62.27,66.17 3 1
github.com/gopatchy/bkl/file.go:66.17,68.4 1 0
github.com/gopatchy/bkl/file.go:70.3,71.34 2 1
github.com/gopatchy/bkl/file.go:74.2,76.15 2 1
github.com/gopatchy/bkl/file.go:79.98,81.2 1 1
github.com/gopatchy/bkl/file.go:83.117,84.34 1 1
github.com/gopatchy/bkl/file.go:84.34,86.3 1 1
github.com/gopatchy/bkl/file.go:88.2,89.16 2 1
github.com/gopatchy/bkl/file.go:89.16,91.3 1 1
github.com/gopatchy/bkl/file.go:93.2,96.16 3 1
github.com/gopatchy/bkl/file.go:96.16,98.3 1 1
github.com/gopatchy/bkl/file.go:100.2,102.33 2 1
github.com/gopatchy/bkl/file.go:102.33,104.17 2 1
github.com/gopatchy/bkl/file.go:104.17,106.4 1 1
github.com/gopatchy/bkl/file.go:108.3,108.40 1 1
github.com/gopatchy/bkl/file.go:111.2,111.30 1 1
github.com/gopatchy/bkl/file.go:114.29,115.20 1 1
github.com/gopatchy/bkl/file.go:115.20,117.3 1 1
github.com/gopatchy/bkl/file.go:119.2,119.35 1 1
github.com/gopatchy/bkl/file.go:119.35,121.3 1 1
github.com/gopatchy/bkl/file.go:124.60,126.16 2 1
github.com/gopatchy/bkl/file.go:126.16,128.3 1 1
github.com/gopatchy/bkl/file.go:130.2,130.20 1 1
github.com/gopatchy/bkl/file.go:130.20,132.3 1 1
github.com/gopatchy/bkl/file.go:134.2,134.36 1 1
github.com/gopatchy/bkl/file.go:137.73,141.29 3 1
github.com/gopatchy/bkl/file.go:141.29,143.13 2 1
github.com/gopatchy/bkl/file.go:143.13,144.12 1 1
github.com/gopatchy/bkl/file.go:147.3,147.29 1 1
github.com/gopatchy/bkl/file.go:148.15,149.35 1 1
github.com/gopatchy/bkl/file.go:151.14,153.18 2 1
github.com/gopatchy/bkl/file.go:153.18,155.5 1 0
github.com/gopatchy/bkl/file.go:157.4,157.38 1 1
github.com/gopatchy/bkl/file.go:159.13,160.12 1 1
github.com/gopatchy/bkl/file.go:160.12,162.5 1 0
github.com/gopatchy/bkl/file.go:164.4,164.19 1 1
github.com/gopatchy/bkl/file.go:166.12,167.19 1 1
github.com/gopatchy/bkl/file.go:171.2,171.14 1 1
github.com/gopatchy/bkl/file.go:171.14,172.23 1 1
github.com/gopatchy/bkl/file.go:172.23,174.4 1 0
github.com/gopatchy/bkl/file.go:176.3,176.25 1 1
github.com/gopatchy/bkl/file.go:179.2,179.23 1 1
github.com/gopatchy/bkl/file.go:179.23,181.3 1 1
github.com/gopatchy/bkl/file.go:183.2,183.41 1 1
github.com/gopatchy/bkl/file.go:186.72,187.21 1 1
github.com/gopatchy/bkl/file.go:187.21,189.3 1 0
github.com/gopatchy/bkl/file.go:191.2,197.9 4 1
github.com/gopatchy/bkl/file.go:198.22,199.64 1 0
github.com/gopatchy/bkl/file.go:201.23,202.25 1 1
github.com/gopatchy/bkl/file.go:204.10,208.20 3 1
github.com/gopatchy/bkl/file.go:208.20,210.4 1 1
github.com/gopatchy/bkl/file.go:212.3,212.32 1 1
github.com/gopatchy/bkl/file.go:216.84,219.29 2 1
github.com/gopatchy/bkl/file.go:219.29,223.17 3 1
github.com/gopatchy/bkl/file.go:223.17,225.4 1 0
github.com/gopatchy/bkl/file.go:227.3,227.24 1 1
github.com/gopatchy/bkl/file.go:227.24,229.4 1 1
github.com/gopatchy/bkl/file.go:231.3,231.32 1 1
github.com/gopatchy/bkl/file.go:234.2,234.17 1 1
github.com/gopatchy/bkl/file.go:237.32,239.2 1 1
github.com/gopatchy/bkl/file.go:241.32,243.2 1 1
github.com/gopatchy/bkl/finalize.go:7.34,8.28 1 1
github.com/gopatchy/bkl/finalize.go:9.22,10.27 1 1
github.com/gopatchy/bkl/finalize.go:12.13,13.28 1 1
github.com/gopatchy/bkl/finalize.go:15.14,16.30 1 1
github.com/gopatchy/bkl/finalize.go:18.10,19.13 1 1
github.com/gopatchy/bkl/finalize.go:23.53,25.24 2 1
github.com/gopatchy/bkl/finalize.go:25.24,27.3 1 1
github.com/gopatchy/bkl/finalize.go:29.2,29.15 1 1
github.com/gopatchy/bkl/finalize.go:32.36,34.26 2 1
github.com/gopatchy/bkl/finalize.go:34.26,36.3 1 1
github.com/gopatchy/bkl/finalize.go:38.2,38.16 1 1
github.com/gopatchy/bkl/finalize.go:41.40,43.2 1 1
github.com/gopatchy/bkl/formats.go:40.46,42.12 2 1
github.com/gopatchy/bkl/formats.go:42.12,44.3 1 1
github.com/gopatchy/bkl/formats.go:46.2,46.16 1 1
github.com/gopatchy/bkl/fs.go:14.36,18.2 1 1
github.com/gopatchy/bkl/fs.go:20.57,22.2 1 1
github.com/gopatchy/bkl/fs.go:24.66,27.2 2 1
github.com/gopatchy/bkl/fs.go:29.61,31.8 2 1
github.com/gopatchy/bkl/fs.go:31.8,33.3 1 1
github.com/gopatchy/bkl/fs.go:36.2,37.16 2 1
github.com/gopatchy/bkl/fs.go:37.16,39.3 1 1
github.com/gopatchy/bkl/fs.go:40.2,42.20 2 1
github.com/gopatchy/bkl/fs.go:45.61,50.16 4 1
github.com/gopatchy/bkl/fs.go:50.16,52.3 1 0
github.com/gopatchy/bkl/fs.go:54.2,55.32 2 1
github.com/gopatchy/bkl/fs.go:55.32,57.17 2 1
github.com/gopatchy/bkl/fs.go:57.17,59.4 1 0
github.com/gopatchy/bkl/fs.go:60.3,60.14 1 1
github.com/gopatchy/bkl/fs.go:60.14,63.4 2 1
github.com/gopatchy/bkl/fs.go:66.2,66.21 1 1
github.com/gopatchy/bkl/fs.go:69.54,71.18 2 1
github.com/gopatchy/bkl/fs.go:71.18,73.3 1 1
github.com/gopatchy/bkl/fs.go:74.2,74.15 1 1
github.com/gopatchy/bkl/fs.go:77.51,78.37 1 1
github.com/gopatchy/bkl/fs.go:78.37,80.44 2 1
github.com/gopatchy/bkl/fs.go:80.44,82.4 1 1
github.com/gopatchy/bkl/fs.go:84.2,84.11 1 1
github.com/gopatchy/bkl/fs.go:87.63,90.16 3 1
github.com/gopatchy/bkl/fs.go:90.16,92.3 1 0
github.com/gopatchy/bkl/fs.go:94.2,96.32 2 1
github.com/gopatchy/bkl/fs.go:96.32,97.56 1 1
github.com/gopatchy/bkl/fs.go:97.56,98.12 1 0
github.com/gopatchy/bkl/fs.go:101.3,101.27 1 1
github.com/gopatchy/bkl/fs.go:104.2,104.17 1 1
github.com/gopatchy/bkl/fs.go:107.30,109.2 1 1
github.com/gopatchy/bkl/get.go:10.87,12.16 2 1
github.com/gopatchy/bkl/get.go:12.16,13.25 1 1
github.com/gopatchy/bkl/get.go:14.15,15.24 1 1
github.com/gopatchy/bkl/get.go:17.11,18.19 1 0
github.com/gopatchy/bkl/get.go:22.2,22.17 1 1
github.com/gopatchy/bkl/get.go:25.63,26.24 1 1
github.com/gopatchy/bkl/get.go:27.14,28.47 1 1
github.com/gopatchy/bkl/get.go:30.13,31.45 1 1
github.com/gopatchy/bkl/get.go:33.22,34.28 1 1
github.com/gopatchy/bkl/get.go:36.10,37.67 1 1
github.com/gopatchy/bkl/get.go:41.74,42.19 1 1
github.com/gopatchy/bkl/get.go:42.19,47.10 3 1
github.com/gopatchy/bkl/get.go:47.10,49.4 1 1
github.com/gopatchy/bkl/get.go:51.3,51.9 1 1
github.com/gopatchy/bkl/get.go:51.9,55.18 3 1
github.com/gopatchy/bkl/get.go:55.18,57.5 1 0
github.com/gopatchy/bkl/get.go:59.4,59.18 1 1
github.com/gopatchy/bkl/get.go:63.2,64.16 2 1
github.com/gopatchy/bkl/get.go:64.16,66.3 1 0
github.com/gopatchy/bkl/get.go:68.2,68.28 1 1
github.com/gopatchy/bkl/get.go:71.77,74.16 3 1
github.com/gopatchy/bkl/get.go:74.16,76.3 1 0
github.com/gopatchy/bkl/get.go:78.2,78.31 1 1
github.com/gopatchy/bkl/get.go:79.14,81.29 2 1
github.com/gopatchy/bkl/get.go:83.13,84.43 1 1
github.com/gopatchy/bkl/get.go:86.10,87.71 1 0
github.com/gopatchy/bkl/get.go:91.52,92.21 1 1
github.com/gopatchy/bkl/get.go:92.21,94.3 1 1
github.com/gopatchy/bkl/get.go:96.2,96.28 1 1
github.com/gopatchy/bkl/get.go:97.22,99.13 2 1
github.com/gopatchy/bkl/get.go:99.13,101.4 1 1
github.com/gopatchy/bkl/get.go:103.3,103.33 1 1
github.com/gopatchy/bkl/get.go:105.10,106.58 1 1
github.com/gopatchy/bkl/get.go:110.67,112.12 2 1
github.com/gopatchy/bkl/get.go:112.12,114.3 1 0
github.com/gopatchy/bkl/get.go:116.2,117.16 2 1
github.com/gopatchy/bkl/get.go:117.16,119.3 1 1
github.com/gopatchy/bkl/get.go:121.2,122.11 2 1
github.com/gopatchy/bkl/get.go:122.11,124.3 1 1
github.com/gopatchy/bkl/get.go:126.2,126.22 1 1
github.com/gopatchy/bkl/get.go:129.64,132.27 2 1
github.com/gopatchy/bkl/get.go:132.27,133.25 1 1
github.com/gopatchy/bkl/get.go:133.25,134.18 1 1
github.com/gopatchy/bkl/get.go:134.18,136.5 1 1
github.com/gopatchy/bkl/get.go:138.4,138.13 1 1
github.com/gopatchy/bkl/get.go:142.2,142.16 1 1
github.com/gopatchy/bkl/get.go:142.16,144.3 1 0
github.com/gopatchy/bkl/get.go:146.2,146.17 1 1
github.com/gopatchy/bkl/intersect.go:12.74,13.20 1 1
github.com/gopatchy/bkl/intersect.go:13.20,15.3 1 0
github.com/gopatchy/bkl/intersect.go:17.2,19.29 2 1
github.com/gopatchy/bkl/intersect.go:19.29,22.17 2 1
github.com/gopatchy/bkl/intersect.go:22.17,24.4 1 0
github.com/gopatchy/bkl/intersect.go:26.3,27.17 2 1
github.com/gopatchy/bkl/intersect.go:27.17,29.4 1 1
github.com/gopatchy/bkl/intersect.go:31.3,31.64 1 1
github.com/gopatchy/bkl/intersect.go:31.64,33.4 1 0
github.com/gopatchy/bkl/intersect.go:35.3,36.21 2 1
github.com/gopatchy/bkl/intersect.go:36.21,38.4 1 1
github.com/gopatchy/bkl/intersect.go:40.3,40.13 1 1
github.com/gopatchy/bkl/intersect.go:40.13,42.12 2 1
github.com/gopatchy/bkl/intersect.go:45.3,46.17 2 1
github.com/gopatchy/bkl/intersect.go:46.17,48.4 1 0
github.com/gopatchy/bkl/intersect.go:51.2,51.20 1 1
github.com/gopatchy/bkl/intersect.go:57.51,59.2 1 1
github.com/gopatchy/bkl/intersect.go:61.39,62.14 1 1
github.com/gopatchy/bkl/intersect.go:62.14,64.3 1 0
github.com/gopatchy/bkl/intersect.go:66.2,66.24 1 1
github.com/gopatchy/bkl/intersect.go:67.22,68.29 1 1
github.com/gopatchy/bkl/intersect.go:70.13,71.30 1 1
github.com/gopatchy/bkl/intersect.go:73.11,74.18 1 0
github.com/gopatchy/bkl/intersect.go:76.10,77.13 1 1
github.com/gopatchy/bkl/intersect.go:77.13,79.4 1 1
github.com/gopatchy/bkl/intersect.go:81.3,81.26 1 1
github.com/gopatchy/bkl/intersect.go:85.57,86.24 1 1
github.com/gopatchy/bkl/intersect.go:87.22,88.32 1 1
github.com/gopatchy/bkl/intersect.go:90.10,92.26 1 1
github.com/gopatchy/bkl/intersect.go:96.67,99.22 2 1
github.com/gopatchy/bkl/intersect.go:99.22,102.13 2 1
github.com/gopatchy/bkl/intersect.go:102.13,103.12 1 1
github.com/gopatchy/bkl/intersect.go:106.3,106.28 1 1
github.com/gopatchy/bkl/intersect.go:106.28,108.12 2 1
github.com/gopatchy/bkl/intersect.go:111.3,112.17 2 1
github.com/gopatchy/bkl/intersect.go:112.17,114.4 1 0
github.com/gopatchy/bkl/intersect.go:116.3,116.16 1 1
github.com/gopatchy/bkl/intersect.go:116.16,117.12 1 0
github.com/gopatchy/bkl/intersect.go:120.3,120.14 1 1
github.com/gopatchy/bkl/intersect.go:123.2,123.17 1 1
github.com/gopatchy/bkl/intersect.go:126.49,127.24 1 1
github.com/gopatchy/bkl/intersect.go:128.13,129.34 1 1
github.com/gopatchy/bkl/intersect.go:131.10,133.26 1 1
github.com/gopatchy/bkl/intersect.go:137.51,140.23 2 1
github.com/gopatchy/bkl/intersect.go:140.23,141.24 1 1
github.com/gopatchy/bkl/intersect.go:141.24,142.33 1 1
github.com/gopatchy/bkl/intersect.go:142.33,144.5 1 1
github.com/gopatchy/bkl/intersect.go:148.2,148.19 1 1
github.com/gopatchy/bkl/intersect.go:148.19,150.3 1 1
github.com/gopatchy/bkl/intersect.go:152.2,152.17 1 1
github.com/gopatchy/bkl/json.go:10.50,15.23 4 1
github.com/gopatchy/bkl/json.go:15.23,17.17 2 1
github.com/gopatchy/bkl/json.go:17.17,19.4 1 0
github.com/gopatchy/bkl/json.go:22.2,22.25 1 1
github.com/gopatchy/bkl/json.go:25.56,31.23 5 1
github.com/gopatchy/bkl/json.go:31.23,33.17 2 1
github.com/gopatchy/bkl/json.go:33.17,35.4 1 0
github.com/gopatchy/bkl/json.go:38.2,38.25 1 1
github.com/gopatchy/bkl/json.go:41.52,46.6 4 1
github.com/gopatchy/bkl/json.go:46.6,50.29 3 1
github.com/gopatchy/bkl/json.go:50.29,51.9 1 1
github.com/gopatchy/bkl/json.go:52.9,52.24 1 1
github.com/gopatchy/bkl/json.go:52.24,54.4 1 1
github.com/gopatchy/bkl/json.go:56.3,56.25 1 1
github.com/gopatchy/bkl/json.go:59.2,59.17 1 1
github.com/gopatchy/bkl/match.go:3.44,5.2 1 1
github.com/gopatchy/bkl/match.go:7.35,8.28 1 1
github.com/gopatchy/bkl/match.go:9.22,10.29 1 1
github.com/gopatchy/bkl/match.go:12.13,13.30 1 1
github.com/gopatchy/bkl/match.go:15.10,16.20 1 1
github.com/gopatchy/bkl/match.go:20.49,22.12 2 1
github.com/gopatchy/bkl/match.go:22.12,24.3 1 1
github.com/gopatchy/bkl/match.go:26.2,27.9 2 1
github.com/gopatchy/bkl/match.go:27.9,29.3 1 1
github.com/gopatchy/bkl/match.go:31.2,31.22 1 1
github.com/gopatchy/bkl/match.go:31.22,32.25 1 1
github.com/gopatchy/bkl/match.go:32.25,33.58 1 1
github.com/gopatchy/bkl/match.go:33.58,35.5 1 1
github.com/gopatchy/bkl/match.go:39.2,39.26 1 1
github.com/gopatchy/bkl/match.go:39.26,40.29 1 1
github.com/gopatchy/bkl/match.go:40.29,42.4 1 1
github.com/gopatchy/bkl/match.go:45.2,45.13 1 1
github.com/gopatchy/bkl/match.go:48.41,50.9 2 1
github.com/gopatchy/bkl/match.go:50.9,52.3 1 0
github.com/gopatchy/bkl/match.go:54.2,54.25 1 1
github.com/gopatchy/bkl/match.go:54.25,55.36 1 1
github.com/gopatchy/bkl/match.go:55.36,57.4 1 1
github.com/gopatchy/bkl/match.go:60.2,60.13 1 1
github.com/gopatchy/bkl/match.go:63.47,64.25 1 1
github.com/gopatchy/bkl/match.go:64.25,65.21 1 1
github.com/gopatchy/bkl/match.go:65.21,67.4 1 1
github.com/gopatchy/bkl/match.go:70.2,70.14 1 1
github.com/gopatchy/bkl/merge.go:7.44,9.16 2 1
github.com/gopatchy/bkl/merge.go:9.16,11.3 1 1
github.com/gopatchy/bkl/merge.go:13.2,16.12 3 1
github.com/gopatchy/bkl/merge.go:19.43,20.28 1 1
github.com/gopatchy/bkl/merge.go:21.22,22.29 1 1
github.com/gopatchy/bkl/merge.go:24.13,25.30 1 1
github.com/gopatchy/bkl/merge.go:27.11,28.18 1 1
github.com/gopatchy/bkl/merge.go:30.10,31.17 1 1
github.com/gopatchy/bkl/merge.go:31.17,33.4 1 1
github.com/gopatchy/bkl/merge.go:35.3,35.18 1 1
github.com/gopatchy/bkl/merge.go:39.57,40.28 1 1
github.com/gopatchy/bkl/merge.go:41.22,42.32 1 1
github.com/gopatchy/bkl/merge.go:44.10,45.18 1 1
github.com/gopatchy/bkl/merge.go:49.82,51.22 2 1
github.com/gopatchy/bkl/merge.go:51.22,54.3 2 1
github.com/gopatchy/bkl/merge.go:56.2,56.24 1 1
github.com/gopatchy/bkl/merge.go:56.24,59.31 2 1
github.com/gopatchy/bkl/merge.go:59.31,60.14 1 1
github.com/gopatchy/bkl/merge.go:60.14,62.5 1 1
github.com/gopatchy/bkl/merge.go:64.4,65.12 2 1
github.com/gopatchy/bkl/merge.go:68.3,68.12 1 1
github.com/gopatchy/bkl/merge.go:68.12,70.18 2 1
github.com/gopatchy/bkl/merge.go:70.18,72.5 1 1
github.com/gopatchy/bkl/merge.go:74.4,74.15 1 1
github.com/gopatchy/bkl/merge.go:75.9,79.18 3 1
github.com/gopatchy/bkl/merge.go:79.18,81.5 1 0
github.com/gopatchy/bkl/merge.go:85.2,85.17 1 1
github.com/gopatchy/bkl/merge.go:88.49,89.28 1 1
github.com/gopatchy/bkl/merge.go:90.13,91.34 1 1
github.com/gopatchy/bkl/merge.go:93.10,94.18 1 1
github.com/gopatchy/bkl/merge.go:98.57,100.13 2 1
github.com/gopatchy/bkl/merge.go:100.13,102.3 1 1
github.com/gopatchy/bkl/merge.go:104.2,105.16 2 1
github.com/gopatchy/bkl/merge.go:105.16,107.3 1 0
github.com/gopatchy/bkl/merge.go:109.2,109.13 1 1
github.com/gopatchy/bkl/merge.go:109.13,111.3 1 1
github.com/gopatchy/bkl/merge.go:113.2,115.24 2 1
github.com/gopatchy/bkl/merge.go:115.24,117.10 2 1
github.com/gopatchy/bkl/merge.go:117.10,119.12 2 1
github.com/gopatchy/bkl/merge.go:122.3,123.12 2 1
github.com/gopatchy/bkl/merge.go:123.12,124.21 1 1
github.com/gopatchy/bkl/merge.go:124.21,126.5 1 1
github.com/gopatchy/bkl/merge.go:128.4,129.18 2 1
github.com/gopatchy/bkl/merge.go:129.18,131.5 1 0
github.com/gopatchy/bkl/merge.go:133.4,133.12 1 1
github.com/gopatchy/bkl/merge.go:136.3,137.12 2 1
github.com/gopatchy/bkl/merge.go:137.12,139.18 2 1
github.com/gopatchy/bkl/merge.go:139.18,141.5 1 0
github.com/gopatchy/bkl/merge.go:143.4,143.12 1 1
github.com/gopatchy/bkl/merge.go:146.3,146.23 1 1
github.com/gopatchy/bkl/merge.go:149.2,149.17 1 1
github.com/gopatchy/bkl/merge.go:152.57,157.56 3 1
github.com/gopatchy/bkl/merge.go:157.56,158.20 1 1
github.com/gopatchy/bkl/merge.go:158.20,161.4 2 1
github.com/gopatchy/bkl/merge.go:163.3,163.23 1 1
github.com/gopatchy/bkl/merge.go:165.2,165.16 1 1
github.com/gopatchy/bkl/merge.go:165.16,167.3 1 0
github.com/gopatchy/bkl/merge.go:169.2,169.14 1 1
github.com/gopatchy/bkl/merge.go:169.14,171.3 1 0
github.com/gopatchy/bkl/merge.go:173.2,173.17 1 1
github.com/gopatchy/bkl/merge.go:176.72,180.11 3 1
github.com/gopatchy/bkl/merge.go:180.11,181.17 1 1
github.com/gopatchy/bkl/merge.go:181.17,183.4 1 0
github.com/gopatchy/bkl/merge.go:185.3,185.11 1 1
github.com/gopatchy/bkl/merge.go:188.2,190.58 2 1
github.com/gopatchy/bkl/merge.go:190.58,191.19 1 1
github.com/gopatchy/bkl/merge.go:191.19,195.18 3 1
github.com/gopatchy/bkl/merge.go:195.18,197.5 1 0
github.com/gopatchy/bkl/merge.go:199.4,199.25 1 1
github.com/gopatchy/bkl/merge.go:202.3,202.24 1 1
github.com/gopatchy/bkl/merge.go:204.2,204.16 1 1
github.com/gopatchy/bkl/merge.go:204.16,206.3 1 0
github.com/gopatchy/bkl/merge.go:208.2,208.12 1 1
github.com/gopatchy/bkl/merge.go:208.12,210.3 1 0
github.com/gopatchy/bkl/merge.go:212.2,212.17 1 1
github.com/gopatchy/bkl/normalize.go:8.38,9.28 1 1
github.com/gopatchy/bkl/normalize.go:10.19,11.76 1 0
github.com/gopatchy/bkl/normalize.go:13.22,14.28 1 1
github.com/gopatchy/bkl/normalize.go:16.13,17.29 1 1
github.com/gopatchy/bkl/normalize.go:19.19,20.31 1 1
github.com/gopatchy/bkl/normalize.go:22.10,23.19 1 1
github.com/gopatchy/bkl/normalize.go:27.63,28.70 1 1
github.com/gopatchy/bkl/normalize.go:28.70,30.17 2 1
github.com/gopatchy/bkl/normalize.go:30.17,32.4 1 0
github.com/gopatchy/bkl/normalize.go:34.3,34.36 1 1
github.com/gopatchy/bkl/normalize.go:38.46,39.52 1 1
github.com/gopatchy/bkl/normalize.go:39.52,41.17 2 1
github.com/gopatchy/bkl/normalize.go:41.17,43.4 1 0
github.com/gopatchy/bkl/normalize.go:45.3,45.24 1 1
github.com/gopatchy/bkl/normalize.go:49.52,50.41 1 1
github.com/gopatchy/bkl/normalize.go:50.41,51.29 1 1
github.com/gopatchy/bkl/normalize.go:51.29,53.4 1 1
github.com/gopatchy/bkl/normalize.go:53.9,55.4 1 0
github.com/gopatchy/bkl/normalize.go:58.2,58.22 1 1
github.com/gopatchy/bkl/output.go:3.47,4.28 1 1
github.com/gopatchy/bkl/output.go:5.22,6.30 1 1
github.com/gopatchy/bkl/output.go:8.13,9.31 1 1
github.com/gopatchy/bkl/output.go:11.10,12.27 1 1
github.com/gopatchy/bkl/output.go:16.61,21.12 4 1
github.com/gopatchy/bkl/output.go:21.12,23.3 1 1
github.com/gopatchy/bkl/output.go:25.2,25.35 1 1
github.com/gopatchy/bkl/output.go:25.35,27.17 2 1
github.com/gopatchy/bkl/output.go:27.17,29.4 1 0
github.com/gopatchy/bkl/output.go:31.3,32.16 2 1
github.com/gopatchy/bkl/output.go:35.2,35.23 1 1
github.com/gopatchy/bkl/output.go:38.53,43.16 4 1
github.com/gopatchy/bkl/output.go:43.16,45.3 1 0
github.com/gopatchy/bkl/output.go:47.2,47.24 1 1
github.com/gopatchy/bkl/output.go:47.24,49.17 2 1
github.com/gopatchy/bkl/output.go:49.17,51.4 1 0
github.com/gopatchy/bkl/output.go:53.3,54.26 2 1
github.com/gopatchy/bkl/output.go:57.2,57.12 1 1
github.com/gopatchy/bkl/output.go:57.12,59.3 1 1
github.com/gopatchy/bkl/output.go:61.2,61.23 1 1
github.com/gopatchy/bkl/output.go:64.47,65.28 1 1
github.com/gopatchy/bkl/output.go:66.22,67.31 1 1
github.com/gopatchy/bkl/output.go:69.13,70.32 1 1
github.com/gopatchy/bkl/output.go:72.10,73.24 1 1
github.com/gopatchy/bkl/output.go:77.61,79.12 2 1
github.com/gopatchy/bkl/output.go:79.12,81.3 1 1
github.com/gopatchy/bkl/output.go:83.2,83.80 1 1
github.com/gopatchy/bkl/output.go:83.80,85.17 2 1
github.com/gopatchy/bkl/output.go:85.17,87.4 1 0
github.com/gopatchy/bkl/output.go:89.3,89.15 1 1
github.com/gopatchy/bkl/output.go:89.15,91.4 1 1
github.com/gopatchy/bkl/output.go:93.3,93.36 1 1
github.com/gopatchy/bkl/output.go:96.2,96.28 1 1
github.com/gopatchy/bkl/output.go:99.53,101.16 2 1
github.com/gopatchy/bkl/output.go:101.16,103.3 1 0
github.com/gopatchy/bkl/output.go:105.2,105.12 1 1
github.com/gopatchy/bkl/output.go:105.12,107.3 1 1
github.com/gopatchy/bkl/output.go:109.2,109.62 1 1
github.com/gopatchy/bkl/output.go:109.62,111.17 2 1
github.com/gopatchy/bkl/output.go:111.17,113.4 1 0
github.com/gopatchy/bkl/output.go:115.3,115.15 1 1
github.com/gopatchy/bkl/output.go:115.15,117.4 1 1
github.com/gopatchy/bkl/output.go:119.3,119.24 1 1
github.com/gopatchy/bkl/output.go:122.2,122.28 1 1
github.com/gopatchy/bkl/parser.go:75.29,79.2 1 1
github.com/gopatchy/bkl/parser.go:82.39,84.2 1 0
github.com/gopatchy/bkl/parser.go:89.55,91.16 2 1
github.com/gopatchy/bkl/parser.go:91.16,93.3 1 0
github.com/gopatchy/bkl/parser.go:95.2,95.13 1 1
github.com/gopatchy/bkl/parser.go:95.13,97.3 1 1
github.com/gopatchy/bkl/parser.go:99.2,99.39 1 1
github.com/gopatchy/bkl/parser.go:99.39,103.17 3 1
github.com/gopatchy/bkl/parser.go:103.17,105.4 1 1
github.com/gopatchy/bkl/parser.go:108.2,108.14 1 1
github.com/gopatchy/bkl/parser.go:108.14,110.3 1 1
github.com/gopatchy/bkl/parser.go:112.2,112.12 1 1
github.com/gopatchy/bkl/parser.go:115.55,120.29 3 1
github.com/gopatchy/bkl/parser.go:120.29,121.41 1 1
github.com/gopatchy/bkl/parser.go:121.41,123.4 1 1
github.com/gopatchy/bkl/parser.go:126.2,126.12 1 1
github.com/gopatchy/bkl/parser.go:132.65,134.12 2 1
github.com/gopatchy/bkl/parser.go:134.12,136.3 1 1
github.com/gopatchy/bkl/parser.go:138.2,138.14 1 1
github.com/gopatchy/bkl/parser.go:138.14,143.3 3 1
github.com/gopatchy/bkl/parser.go:145.2,146.20 2 1
github.com/gopatchy/bkl/parser.go:146.20,148.3 1 0
github.com/gopatchy/bkl/parser.go:150.2,150.27 1 1
github.com/gopatchy/bkl/parser.go:150.27,152.17 2 1
github.com/gopatchy/bkl/parser.go:152.17,154.4 1 0
github.com/gopatchy/bkl/parser.go:157.2,157.18 1 1
github.com/gopatchy/bkl/parser.go:160.66,164.59 2 1
github.com/gopatchy/bkl/parser.go:164.59,165.24 1 1
github.com/gopatchy/bkl/parser.go:165.24,166.24 1 1
github.com/gopatchy/bkl/parser.go:166.24,168.5 1 1
github.com/gopatchy/bkl/parser.go:171.3,171.19 1 1
github.com/gopatchy/bkl/parser.go:171.19,173.4 1 1
github.com/gopatchy/bkl/parser.go:176.2,176.12 1 0
github.com/gopatchy/bkl/parser.go:181.65,183.16 2 1
github.com/gopatchy/bkl/parser.go:183.16,185.3 1 0
github.com/gopatchy/bkl/parser.go:187.2,187.26 1 1
github.com/gopatchy/bkl/parser.go:192.65,195.16 3 1
github.com/gopatchy/bkl/parser.go:195.16,197.3 1 1
github.com/gopatchy/bkl/parser.go:199.2,199.26 1 1
github.com/gopatchy/bkl/parser.go:199.26,201.17 2 1
github.com/gopatchy/bkl/parser.go:201.17,203.4 1 1
github.com/gopatchy/bkl/parser.go:206.2,206.12 1 1
github.com/gopatchy/bkl/parser.go:211.46,214.29 2 1
github.com/gopatchy/bkl/parser.go:214.29,218.17 3 1
github.com/gopatchy/bkl/parser.go:218.17,220.4 1 1
github.com/gopatchy/bkl/parser.go:223.2,223.12 1 1
github.com/gopatchy/bkl/parser.go:228.42,230.2 1 1
github.com/gopatchy/bkl/parser.go:234.86,236.16 2 1
github.com/gopatchy/bkl/parser.go:236.16,238.3 1 1
github.com/gopatchy/bkl/parser.go:240.2,242.25 2 1
github.com/gopatchy/bkl/parser.go:242.25,244.17 2 1
github.com/gopatchy/bkl/parser.go:244.17,246.4 1 0
github.com/gopatchy/bkl/parser.go:248.3,248.20 1 1
github.com/gopatchy/bkl/parser.go:248.20,250.4 1 1
github.com/gopatchy/bkl/parser.go:250.9,252.4 1 1
github.com/gopatchy/bkl/parser.go:255.2,255.53 1 1
github.com/gopatchy/bkl/parser.go:255.53,257.17 2 1
github.com/gopatchy/bkl/parser.go:257.17,259.4 1 0
github.com/gopatchy/bkl/parser.go:261.3,261.15 1 1
github.com/gopatchy/bkl/parser.go:261.15,263.4 1 1
github.com/gopatchy/bkl/parser.go:265.3,266.17 2 1
github.com/gopatchy/bkl/parser.go:266.17,268.4 1 1
github.com/gopatchy/bkl/parser.go:270.3,270.40 1 1
github.com/gopatchy/bkl/parser.go:275.72,278.29 2 1
github.com/gopatchy/bkl/parser.go:278.29,280.17 2 1
github.com/gopatchy/bkl/parser.go:280.17,282.4 1 1
github.com/gopatchy/bkl/parser.go:284.3,284.29 1 1
github.com/gopatchy/bkl/parser.go:287.2,287.17 1 1
github.com/gopatchy/bkl/parser.go:292.79,294.16 2 1
github.com/gopatchy/bkl/parser.go:294.16,296.3 1 1
github.com/gopatchy/bkl/parser.go:298.2,299.16 2 1
github.com/gopatchy/bkl/parser.go:299.16,301.3 1 0
github.com/gopatchy/bkl/parser.go:303.2,303.30 1 1
github.com/gopatchy/bkl/parser.go:310.81,311.18 1 0
github.com/gopatchy/bkl/parser.go:311.18,313.3 1 0
github.com/gopatchy/bkl/parser.go:315.2,316.16 2 0
github.com/gopatchy/bkl/parser.go:316.16,318.3 1 0
github.com/gopatchy/bkl/parser.go:320.2,323.16 3 0
github.com/gopatchy/bkl/parser.go:323.16,325.3 1 0
github.com/gopatchy/bkl/parser.go:327.2,327.12 1 0
github.com/gopatchy/bkl/parser.go:334.91,335.18 1 0
github.com/gopatchy/bkl/parser.go:335.18,337.3 1 0
github.com/gopatchy/bkl/parser.go:339.2,340.16 2 0
github.com/gopatchy/bkl/parser.go:340.16,342.3 1 0
github.com/gopatchy/bkl/parser.go:344.2,345.16 2 0
github.com/gopatchy/bkl/parser.go:345.16,347.3 1 0
github.com/gopatchy/bkl/parser.go:349.2,349.12 1 0
github.com/gopatchy/bkl/parser.go:352.89,354.29 2 1
github.com/gopatchy/bkl/parser.go:354.29,355.27 1 1
github.com/gopatchy/bkl/parser.go:355.27,357.4 1 0
github.com/gopatchy/bkl/parser.go:357.9,359.4 1 1
github.com/gopatchy/bkl/parser.go:361.2,361.20 1 1
github.com/gopatchy/bkl/parser.go:364.109,366.31 2 1
github.com/gopatchy/bkl/parser.go:366.31,368.3 1 1
github.com/gopatchy/bkl/parser.go:370.2,371.32 2 1
github.com/gopatchy/bkl/parser.go:371.32,373.17 2 1
github.com/gopatchy/bkl/parser.go:373.17,375.4 1 0
github.com/gopatchy/bkl/parser.go:377.3,377.39 1 1
github.com/gopatchy/bkl/parser.go:377.39,379.4 1 1
github.com/gopatchy/bkl/parser.go:381.3,381.28 1 1
github.com/gopatchy/bkl/parser.go:384.2,384.20 1 1
github.com/gopatchy/bkl/parser.go:387.110,389.16 2 1
github.com/gopatchy/bkl/parser.go:389.16,391.3 1 0
github.com/gopatchy/bkl/parser.go:393.2,393.60 1 1
github.com/gopatchy/bkl/parser.go:398.89,400.16 2 0
github.com/gopatchy/bkl/parser.go:400.16,402.3 1 0
github.com/gopatchy/bkl/parser.go:404.2,404.53 1 0
github.com/gopatchy/bkl/parser.go:408.47,410.33 2 0
github.com/gopatchy/bkl/parser.go:410.33,412.22 2 0
github.com/gopatchy/bkl/parser.go:412.22,414.4 1 0
github.com/gopatchy/bkl/parser.go:416.2,416.12 1 0
github.com/gopatchy/bkl/parser.go:420.42,422.2 1 1
github.com/gopatchy/bkl/parser.go:425.58,427.12 2 1
github.com/gopatchy/bkl/parser.go:427.12,429.3 1 0
github.com/gopatchy/bkl/parser.go:431.2,431.16 1 1
github.com/gopatchy/bkl/parser.go:434.162,436.16 2 1
github.com/gopatchy/bkl/parser.go:436.16,438.3 1 1
github.com/gopatchy/bkl/parser.go:442.2,442.33 1 1
github.com/gopatchy/bkl/parser.go:442.33,444.17 2 1
github.com/gopatchy/bkl/parser.go:444.17,446.4 1 1
github.com/gopatchy/bkl/parser.go:448.3,448.19 1 1
github.com/gopatchy/bkl/parser.go:448.19,450.4 1 1
github.com/gopatchy/bkl/parser.go:452.3,452.17 1 1
github.com/gopatchy/bkl/parser.go:452.17,455.4 2 1
github.com/gopatchy/bkl/parser.go:455.9,457.4 1 1
github.com/gopatchy/bkl/parser.go:459.3,459.17 1 1
github.com/gopatchy/bkl/parser.go:459.17,461.4 1 1
github.com/gopatchy/bkl/parser.go:464.2,464.30 1 1
github.com/gopatchy/bkl/parser.go:468.165,470.16 2 0
github.com/gopatchy/bkl/parser.go:470.16,472.3 1 0
github.com/gopatchy/bkl/parser.go:474.2,474.33 1 0
github.com/gopatchy/bkl/parser.go:474.33,476.17 2 0
github.com/gopatchy/bkl/parser.go:476.17,478.4 1 0
github.com/gopatchy/bkl/parser.go:480.3,480.19 1 0
github.com/gopatchy/bkl/parser.go:480.19,482.4 1 0
github.com/gopatchy/bkl/parser.go:484.3,484.17 1 0
github.com/gopatchy/bkl/parser.go:484.17,487.4 2 0
github.com/gopatchy/bkl/parser.go:487.9,489.4 1 0
github.com/gopatchy/bkl/parser.go:491.3,491.17 1 0
github.com/gopatchy/bkl/parser.go:491.17,493.4 1 0
github.com/gopatchy/bkl/parser.go:497.2,498.16 2 0
github.com/gopatchy/bkl/parser.go:498.16,500.3 1 0
github.com/gopatchy/bkl/parser.go:503.2,503.20 1 0
github.com/gopatchy/bkl/parser.go:503.20,505.3 1 0
github.com/gopatchy/bkl/parser.go:505.8,505.27 1 0
github.com/gopatchy/bkl/parser.go:505.27,507.3 1 0
github.com/gopatchy/bkl/parser.go:507.8,510.3 1 0
github.com/gopatchy/bkl/parser.go:513.47,514.14 1 1
github.com/gopatchy/bkl/parser.go:514.14,516.3 1 1
github.com/gopatchy/bkl/parser.go:518.2,518.26 1 0
github.com/gopatchy/bkl/parser.go:528.77,530.51 2 1
github.com/gopatchy/bkl/parser.go:530.51,532.3 1 1
github.com/gopatchy/bkl/parser.go:534.2,536.38 2 1
github.com/gopatchy/bkl/parser.go:536.38,538.3 1 0
github.com/gopatchy/bkl/parser.go:540.2,543.20 3 1
github.com/gopatchy/bkl/parser.go:543.20,545.3 1 1
github.com/gopatchy/bkl/parser.go:547.2,547.30 1 1
github.com/gopatchy/bkl/process1.go:8.96,11.18 2 1
github.com/gopatchy/bkl/process1.go:11.18,13.3 1 1
github.com/gopatchy/bkl/process1.go:15.2,15.28 1 1
github.com/gopatchy/bkl/process1.go:16.22,17.60 1 1
github.com/gopatchy/bkl/process1.go:19.13,20.61 1 1
github.com/gopatchy/bkl/process1.go:22.14,23.63 1 1
github.com/gopatchy/bkl/process1.go:25.10,26.18 1 1
github.com/gopatchy/bkl/process1.go:30.110,33.38 1 1
github.com/gopatchy/bkl/process1.go:33.38,36.3 2 1
github.com/gopatchy/bkl/process1.go:38.2,38.58 1 1
github.com/gopatchy/bkl/process1.go:38.58,40.3 1 1
github.com/gopatchy/bkl/process1.go:42.2,42.70 1 1
github.com/gopatchy/bkl/process1.go:42.70,44.17 2 1
github.com/gopatchy/bkl/process1.go:44.17,46.4 1 1
github.com/gopatchy/bkl/process1.go:48.3,49.17 2 1
github.com/gopatchy/bkl/process1.go:49.17,51.4 1 0
github.com/gopatchy/bkl/process1.go:53.3,53.46 1 1
github.com/gopatchy/bkl/process1.go:57.122,59.16 2 1
github.com/gopatchy/bkl/process1.go:59.16,61.3 1 1
github.com/gopatchy/bkl/process1.go:63.2,64.16 2 1
github.com/gopatchy/bkl/process1.go:64.16,66.3 1 0
github.com/gopatchy/bkl/process1.go:68.2,68.56 1 1
github.com/gopatchy/bkl/process1.go:71.124,73.16 2 1
github.com/gopatchy/bkl/process1.go:73.16,75.3 1 1
github.com/gopatchy/bkl/process1.go:77.2,77.56 1 1
github.com/gopatchy/bkl/process1.go:80.102,83.57 2 1
github.com/gopatchy/bkl/process1.go:83.57,85.10 2 1
github.com/gopatchy/bkl/process1.go:85.10,87.4 1 1
github.com/gopatchy/bkl/process1.go:89.3,89.19 1 1
github.com/gopatchy/bkl/process1.go:89.19,91.4 1 1
github.com/gopatchy/bkl/process1.go:93.3,94.12 2 1
github.com/gopatchy/bkl/process1.go:94.12,97.4 2 1
github.com/gopatchy/bkl/process1.go:99.3,99.24 1 1
github.com/gopatchy/bkl/process1.go:102.2,102.26 1 1
github.com/gopatchy/bkl/process1.go:102.26,104.17 2 1
github.com/gopatchy/bkl/process1.go:104.17,106.4 1 0
github.com/gopatchy/bkl/process1.go:108.3,109.10 2 1
github.com/gopatchy/bkl/process1.go:109.10,110.24 1 0
github.com/gopatchy/bkl/process1.go:110.24,112.5 1 0
github.com/gopatchy/bkl/process1.go:113.4,113.22 1 0
github.com/gopatchy/bkl/process1.go:115.3,115.16 1 1
github.com/gopatchy/bkl/process1.go:118.2,119.16 2 1
github.com/gopatchy/bkl/process1.go:119.16,121.3 1 0
github.com/gopatchy/bkl/process1.go:123.2,123.14 1 1
github.com/gopatchy/bkl/process1.go:123.14,125.3 1 1
github.com/gopatchy/bkl/process1.go:127.2,127.52 1 1
github.com/gopatchy/bkl/process1.go:127.52,129.17 2 1
github.com/gopatchy/bkl/process1.go:129.17,131.4 1 1
github.com/gopatchy/bkl/process1.go:133.3,133.24 1 1
github.com/gopatchy/bkl/process1.go:137.114,139.16 2 1
github.com/gopatchy/bkl/process1.go:139.16,141.3 1 0
github.com/gopatchy/bkl/process1.go:143.2,143.27 1 1
github.com/gopatchy/bkl/process1.go:146.116,148.16 2 1
github.com/gopatchy/bkl/process1.go:148.16,150.3 1 1
github.com/gopatchy/bkl/process1.go:152.2,152.56 1 1
github.com/gopatchy/bkl/process1.go:155.105,156.39 1 1
github.com/gopatchy/bkl/process1.go:156.39,158.3 1 1
github.com/gopatchy/bkl/process1.go:160.2,160.41 1 1
github.com/gopatchy/bkl/process1.go:160.41,162.3 1 1
github.com/gopatchy/bkl/process1.go:164.2,164.17 1 1
github.com/gopatchy/bkl/process1.go:167.110,171.16 3 1
github.com/gopatchy/bkl/process1.go:171.16,173.3 1 0
github.com/gopatchy/bkl/process1.go:175.2,175.54 1 1
github.com/gopatchy/bkl/process1.go:178.112,182.16 3 1
github.com/gopatchy/bkl/process1.go:182.16,184.3 1 0
github.com/gopatchy/bkl/process1.go:186.2,186.54 1 1
github.com/gopatchy/bkl/process2.go:12.113,15.18 2 1
github.com/gopatchy/bkl/process2.go:15.18,17.3 1 0
github.com/gopatchy/bkl/process2.go:19.2,19.28 1 1
github.com/gopatchy/bkl/process2.go:20.22,21.64 1 1
github.com/gopatchy/bkl/process2.go:23.13,24.65 1 1
github.com/gopatchy/bkl/process2.go:26.14,27.67 1 1
github.com/gopatchy/bkl/process2.go:29.10,30.18 1 1
github.com/gopatchy/bkl/process2.go:34.127,35.75 1 1
github.com/gopatchy/bkl/process2.go:35.75,36.25 1 1
github.com/gopatchy/bkl/process2.go:37.23,38.57 1 1
github.com/gopatchy/bkl/process2.go:38.57,40.5 1 1
github.com/gopatchy/bkl/process2.go:43.3,43.35 1 1
github.com/gopatchy/bkl/process2.go:45.2,45.16 1 1
github.com/gopatchy/bkl/process2.go:45.16,47.3 1 0
github.com/gopatchy/bkl/process2.go:49.2,49.57 1 1
github.com/gopatchy/bkl/process2.go:49.57,51.3 1 1
github.com/gopatchy/bkl/process2.go:53.2,53.57 1 1
github.com/gopatchy/bkl/process2.go:53.57,55.3 1 1
github.com/gopatchy/bkl/process2.go:57.2,57.56 1 1
github.com/gopatchy/bkl/process2.go:57.56,58.20 1 1
github.com/gopatchy/bkl/process2.go:58.20,60.4 1 1
github.com/gopatchy/bkl/process2.go:62.3,62.71 1 1
github.com/gopatchy/bkl/process2.go:65.2,65.70 1 1
github.com/gopatchy/bkl/process2.go:65.70,67.17 2 1
github.com/gopatchy/bkl/process2.go:67.17,69.4 1 1
github.com/gopatchy/bkl/process2.go:71.3,72.17 2 1
github.com/gopatchy/bkl/process2.go:72.17,74.4 1 0
github.com/gopatchy/bkl/process2.go:76.3,76.46 1 1
github.com/gopatchy/bkl/process2.go:80.139,82.2 1 1
github.com/gopatchy/bkl/process2.go:84.126,86.16 2 1
github.com/gopatchy/bkl/process2.go:86.16,88.3 1 0
github.com/gopatchy/bkl/process2.go:90.2,91.16 2 1
github.com/gopatchy/bkl/process2.go:91.16,93.3 1 1
github.com/gopatchy/bkl/process2.go:95.2,95.68 1 1
github.com/gopatchy/bkl/process2.go:98.112,99.24 1 1
github.com/gopatchy/bkl/process2.go:100.14,101.72 1 1
github.com/gopatchy/bkl/process2.go:103.13,104.25 1 1
github.com/gopatchy/bkl/process2.go:104.25,108.18 3 1
github.com/gopatchy/bkl/process2.go:108.18,110.5 1 0
github.com/gopatchy/bkl/process2.go:113.3,113.18 1 1
github.com/gopatchy/bkl/process2.go:115.10,116.63 1 1
github.com/gopatchy/bkl/process2.go:120.118,124.13 3 1
github.com/gopatchy/bkl/process2.go:125.16,126.22 1 1
github.com/gopatchy/bkl/process2.go:126.22,128.4 1 1
github.com/gopatchy/bkl/process2.go:130.3,131.62 2 1
github.com/gopatchy/bkl/process2.go:133.15,134.99 1 1
github.com/gopatchy/bkl/process2.go:136.17,137.22 1 1
github.com/gopatchy/bkl/process2.go:137.22,139.4 1 0
github.com/gopatchy/bkl/process2.go:141.3,142.10 2 1
github.com/gopatchy/bkl/process2.go:142.10,144.4 1 1
github.com/gopatchy/bkl/process2.go:146.3,148.29 2 1
github.com/gopatchy/bkl/process2.go:148.29,149.32 1 1
github.com/gopatchy/bkl/process2.go:150.15,151.32 1 1
github.com/gopatchy/bkl/process2.go:153.12,154.28 1 1
github.com/gopatchy/bkl/process2.go:158.3,158.18 1 1
github.com/gopatchy/bkl/process2.go:160.14,163.22 2 1
github.com/gopatchy/bkl/process2.go:163.22,165.4 1 1
github.com/gopatchy/bkl/process2.go:165.9,165.29 1 1
github.com/gopatchy/bkl/process2.go:165.29,167.4 1 0
github.com/gopatchy/bkl/process2.go:169.3,170.17 2 1
github.com/gopatchy/bkl/process2.go:170.17,172.4 1 0
github.com/gopatchy/bkl/process2.go:174.3,174.40 1 1
github.com/gopatchy/bkl/process2.go:176.16,177.22 1 1
github.com/gopatchy/bkl/process2.go:177.22,179.4 1 0
github.com/gopatchy/bkl/process2.go:181.3,184.17 3 1
github.com/gopatchy/bkl/process2.go:184.17,186.4 1 0
github.com/gopatchy/bkl/process2.go:188.3,190.28 2 1
github.com/gopatchy/bkl/process2.go:190.28,192.4 1 1
github.com/gopatchy/bkl/process2.go:194.3,194.18 1 1
github.com/gopatchy/bkl/process2.go:196.16,197.22 1 1
github.com/gopatchy/bkl/process2.go:197.22,199.4 1 1
github.com/gopatchy/bkl/process2.go:201.3,203.46 3 1
github.com/gopatchy/bkl/process2.go:205.16,206.22 1 1
github.com/gopatchy/bkl/process2.go:206.22,208.4 1 1
github.com/gopatchy/bkl/process2.go:210.3,213.9 3 1
github.com/gopatchy/bkl/process2.go:213.9,215.4 1 1
github.com/gopatchy/bkl/process2.go:217.3,217.39 1 1
github.com/gopatchy/bkl/process2.go:219.16,220.22 1 1
github.com/gopatchy/bkl/process2.go:220.22,222.4 1 0
github.com/gopatchy/bkl/process2.go:224.3,225.10 2 1
github.com/gopatchy/bkl/process2.go:225.10,227.4 1 0
github.com/gopatchy/bkl/process2.go:229.3,229.33 1 1
github.com/gopatchy/bkl/process2.go:231.10,232.22 1 1
github.com/gopatchy/bkl/process2.go:232.22,234.4 1 0
github.com/gopatchy/bkl/process2.go:236.3,237.17 2 1
github.com/gopatchy/bkl/process2.go:237.17,239.4 1 1
github.com/gopatchy/bkl/process2.go:241.3,242.17 2 1
github.com/gopatchy/bkl/process2.go:242.17,244.4 1 0
github.com/gopatchy/bkl/process2.go:246.3,246.26 1 1
github.com/gopatchy/bkl/process2.go:250.126,251.24 1 1
github.com/gopatchy/bkl/process2.go:252.14,253.76 1 1
github.com/gopatchy/bkl/process2.go:255.10,256.63 1 1
github.com/gopatchy/bkl/process2.go:260.135,261.28 1 1
github.com/gopatchy/bkl/process2.go:262.22,263.79 1 1
github.com/gopatchy/bkl/process2.go:265.10,266.65 1 0
github.com/gopatchy/bkl/process2.go:270.149,272.12 2 1
github.com/gopatchy/bkl/process2.go:272.12,274.3 1 1
github.com/gopatchy/bkl/process2.go:276.2,277.9 2 1
github.com/gopatchy/bkl/process2.go:277.9,279.3 1 1
github.com/gopatchy/bkl/process2.go:281.2,281.19 1 1
github.com/gopatchy/bkl/process2.go:281.19,283.3 1 1
github.com/gopatchy/bkl/process2.go:285.2,286.16 2 1
github.com/gopatchy/bkl/process2.go:286.16,288.3 1 1
github.com/gopatchy/bkl/process2.go:290.2,291.16 2 1
github.com/gopatchy/bkl/process2.go:291.16,293.3 1 1
github.com/gopatchy/bkl/process2.go:295.2,295.20 1 1
github.com/gopatchy/bkl/process2.go:295.20,297.3 1 1
github.com/gopatchy/bkl/process2.go:300.2,301.16 2 1
github.com/gopatchy/bkl/process2.go:301.16,303.3 1 0
github.com/gopatchy/bkl/process2.go:305.2,305.66 1 1
github.com/gopatchy/bkl/process2.go:308.65,311.27 2 1
github.com/gopatchy/bkl/process2.go:311.27,313.17 2 1
github.com/gopatchy/bkl/process2.go:313.17,315.4 1 0
github.com/gopatchy/bkl/process2.go:317.3,317.29 1 1
github.com/gopatchy/bkl/process2.go:320.2,320.17 1 1
github.com/gopatchy/bkl/process2.go:323.62,325.9 2 1
github.com/gopatchy/bkl/process2.go:325.9,327.3 1 1
github.com/gopatchy/bkl/process2.go:329.2,331.36 2 1
github.com/gopatchy/bkl/process2.go:331.36,332.25 1 1
github.com/gopatchy/bkl/process2.go:333.14,334.26 1 1
github.com/gopatchy/bkl/process2.go:334.26,336.5 1 1
github.com/gopatchy/bkl/process2.go:338.11,339.55 1 1
github.com/gopatchy/bkl/process2.go:343.2,343.17 1 1
github.com/gopatchy/bkl/process2.go:346.57,347.13 1 1
github.com/gopatchy/bkl/process2.go:347.13,349.3 1 1
github.com/gopatchy/bkl/process2.go:349.8,351.3 1 1
github.com/gopatchy/bkl/process2.go:354.119,356.16 2 1
github.com/gopatchy/bkl/process2.go:356.16,358.3 1 0
github.com/gopatchy/bkl/process2.go:360.2,360.14 1 1
github.com/gopatchy/bkl/process2.go:360.14,362.3 1 1
github.com/gopatchy/bkl/process2.go:364.2,364.52 1 1
github.com/gopatchy/bkl/process2.go:364.52,365.25 1 1
github.com/gopatchy/bkl/process2.go:366.23,367.57 1 1
github.com/gopatchy/bkl/process2.go:367.57,369.5 1 1
github.com/gopatchy/bkl/process2.go:372.3,373.17 2 1
github.com/gopatchy/bkl/process2.go:373.17,375.4 1 1
github.com/gopatchy/bkl/process2.go:377.3,377.24 1 1
github.com/gopatchy/bkl/process2.go:381.122,382.65 1 1
github.com/gopatchy/bkl/process2.go:382.65,384.3 1 1
github.com/gopatchy/bkl/process2.go:386.2,386.95 1 1
github.com/gopatchy/bkl/process2.go:386.95,388.3 1 1
github.com/gopatchy/bkl/process2.go:390.2,390.17 1 1
github.com/gopatchy/bkl/process2.go:395.128,400.65 3 1
github.com/gopatchy/bkl/process2.go:400.65,401.17 1 1
github.com/gopatchy/bkl/process2.go:401.17,403.4 1 0
github.com/gopatchy/bkl/process2.go:405.3,410.17 4 1
github.com/gopatchy/bkl/process2.go:410.17,412.4 1 1
github.com/gopatchy/bkl/process2.go:414.3,414.31 1 1
github.com/gopatchy/bkl/process2.go:414.31,416.18 2 1
github.com/gopatchy/bkl/process2.go:416.18,418.5 1 0
github.com/gopatchy/bkl/process2.go:421.3,421.30 1 1
github.com/gopatchy/bkl/process2.go:424.2,424.16 1 1
github.com/gopatchy/bkl/process2.go:424.16,426.3 1 1
github.com/gopatchy/bkl/process2.go:428.2,428.17 1 1
github.com/gopatchy/bkl/process2.go:431.59,434.35 2 1
github.com/gopatchy/bkl/process2.go:434.35,436.3 1 1
github.com/gopatchy/bkl/process2.go:438.2,438.18 1 1
github.com/gopatchy/bkl/process2.go:441.162,445.16 3 1
github.com/gopatchy/bkl/process2.go:445.16,447.3 1 0
github.com/gopatchy/bkl/process2.go:449.2,449.31 1 1
github.com/gopatchy/bkl/process2.go:449.31,451.17 2 1
github.com/gopatchy/bkl/process2.go:451.17,453.4 1 0
github.com/gopatchy/bkl/process2.go:455.3,455.16 1 1
github.com/gopatchy/bkl/process2.go:455.16,456.12 1 0
github.com/gopatchy/bkl/process2.go:459.3,460.17 2 1
github.com/gopatchy/bkl/process2.go:460.17,462.4 1 0
github.com/gopatchy/bkl/process2.go:464.3,464.24 1 1
github.com/gopatchy/bkl/process2.go:467.2,467.17 1 1
github.com/gopatchy/bkl/process2.go:470.144,474.16 3 1
github.com/gopatchy/bkl/process2.go:474.16,476.3 1 0
github.com/gopatchy/bkl/process2.go:478.2,478.31 1 1
github.com/gopatchy/bkl/process2.go:478.31,480.17 2 1
github.com/gopatchy/bkl/process2.go:480.17,482.4 1 0
github.com/gopatchy/bkl/process2.go:484.3,484.16 1 1
github.com/gopatchy/bkl/process2.go:484.16,485.12 1 0
github.com/gopatchy/bkl/process2.go:488.3,488.24 1 1
github.com/gopatchy/bkl/process2.go:491.2,491.17 1 1
github.com/gopatchy/bkl/repeat.go:7.85,8.32 1 1
github.com/gopatchy/bkl/repeat.go:9.22,10.36 1 1
github.com/gopatchy/bkl/repeat.go:12.13,13.37 1 1
github.com/gopatchy/bkl/repeat.go:15.10,16.51 1 1
github.com/gopatchy/bkl/repeat.go:20.109,21.59 1 1
github.com/gopatchy/bkl/repeat.go:21.59,24.3 2 1
github.com/gopatchy/bkl/repeat.go:26.2,26.50 1 1
github.com/gopatchy/bkl/repeat.go:29.101,31.16 2 1
github.com/gopatchy/bkl/repeat.go:31.16,33.3 1 0
github.com/gopatchy/bkl/repeat.go:35.2,35.14 1 1
github.com/gopatchy/bkl/repeat.go:35.14,38.3 2 1
github.com/gopatchy/bkl/repeat.go:40.2,40.50 1 1
github.com/gopatchy/bkl/repeat.go:43.95,45.16 2 1
github.com/gopatchy/bkl/repeat.go:45.16,47.3 1 1
github.com/gopatchy/bkl/repeat.go:49.2,52.31 3 1
github.com/gopatchy/bkl/repeat.go:52.31,54.17 2 1
github.com/gopatchy/bkl/repeat.go:54.17,56.4 1 0
github.com/gopatchy/bkl/repeat.go:57.3,58.15 2 1
github.com/gopatchy/bkl/repeat.go:61.2,61.23 1 1
github.com/gopatchy/bkl/repeat.go:64.53,65.20 1 1
github.com/gopatchy/bkl/repeat.go:65.20,66.12 1 1
github.com/gopatchy/bkl/repeat.go:67.45,68.15 1 1
github.com/gopatchy/bkl/repeat.go:71.2,71.14 1 1
github.com/gopatchy/bkl/repeat.go:74.66,80.14 5 1
github.com/gopatchy/bkl/repeat.go:80.14,82.3 1 1
github.com/gopatchy/bkl/repeat.go:84.2,84.15 1 1
github.com/gopatchy/bkl/repeat.go:84.15,86.3 1 1
github.com/gopatchy/bkl/repeat.go:88.2,88.28 1 1
github.com/gopatchy/bkl/repeat.go:88.28,90.3 1 1
github.com/gopatchy/bkl/repeat.go:92.2,92.37 1 1
github.com/gopatchy/bkl/repeat.go:92.37,94.3 1 1
github.com/gopatchy/bkl/repeat.go:94.8,94.32 1 1
github.com/gopatchy/bkl/repeat.go:94.32,95.29 1 1
github.com/gopatchy/bkl/repeat.go:95.29,97.4 1 1
github.com/gopatchy/bkl/repeat.go:98.8,98.33 1 1
github.com/gopatchy/bkl/repeat.go:98.33,100.3 1 1
github.com/gopatchy/bkl/repeat.go:100.8,100.32 1 1
github.com/gopatchy/bkl/repeat.go:100.32,102.3 1 0
github.com/gopatchy/bkl/repeat.go:102.8,104.3 1 1
github.com/gopatchy/bkl/repeat.go:106.2,107.56 2 1
github.com/gopatchy/bkl/repeat.go:107.56,109.3 1 1
github.com/gopatchy/bkl/repeat.go:111.2,111.20 1 1
github.com/gopatchy/bkl/repeat.go:114.77,115.24 1 1
github.com/gopatchy/bkl/repeat.go:116.11,118.27 2 1
github.com/gopatchy/bkl/repeat.go:118.27,122.4 3 1
github.com/gopatchy/bkl/repeat.go:123.3,123.23 1 1
github.com/gopatchy/bkl/repeat.go:125.13,127.28 2 1
github.com/gopatchy/bkl/repeat.go:127.28,131.4 3 1
github.com/gopatchy/bkl/repeat.go:132.3,132.23 1 1
github.com/gopatchy/bkl/repeat.go:134.22,135.33 1 1
github.com/gopatchy/bkl/repeat.go:135.33,137.18 2 1
github.com/gopatchy/bkl/repeat.go:137.18,139.5 1 1
github.com/gopatchy/bkl/repeat.go:140.4,141.33 2 1
github.com/gopatchy/bkl/repeat.go:141.33,145.5 3 1
github.com/gopatchy/bkl/repeat.go:146.4,146.24 1 1
github.com/gopatchy/bkl/repeat.go:149.3,149.47 1 1
github.com/gopatchy/bkl/repeat.go:151.10,152.64 1 0
github.com/gopatchy/bkl/repeat.go:156.96,158.23 2 1
github.com/gopatchy/bkl/repeat.go:158.23,160.3 1 1
github.com/gopatchy/bkl/repeat.go:162.2,164.41 2 1
github.com/gopatchy/bkl/repeat.go:164.41,169.28 4 1
github.com/gopatchy/bkl/repeat.go:170.12,172.27 2 1
github.com/gopatchy/bkl/repeat.go:172.27,174.5 1 1
github.com/gopatchy/bkl/repeat.go:176.14,177.14 1 1
github.com/gopatchy/bkl/repeat.go:179.23,180.33 1 1
github.com/gopatchy/bkl/repeat.go:180.33,182.19 2 1
github.com/gopatchy/bkl/repeat.go:182.19,184.6 1 0
github.com/gopatchy/bkl/repeat.go:185.10,187.5 1 0
github.com/gopatchy/bkl/repeat.go:189.11,190.72 1 0
github.com/gopatchy/bkl/repeat.go:193.3,193.32 1 1
github.com/gopatchy/bkl/repeat.go:193.32,194.32 1 1
github.com/gopatchy/bkl/repeat.go:194.32,198.5 3 1
github.com/gopatchy/bkl/repeat.go:201.3,201.25 1 1
github.com/gopatchy/bkl/repeat.go:204.2,204.22 1 1
github.com/gopatchy/bkl/required.go:11.69,14.16 2 1
github.com/gopatchy/bkl/required.go:14.16,16.3 1 0
github.com/gopatchy/bkl/required.go:18.2,19.16 2 1
github.com/gopatchy/bkl/required.go:19.16,21.3 1 1
github.com/gopatchy/bkl/required.go:23.2,23.63 1 1
github.com/gopatchy/bkl/required.go:23.63,25.3 1 0
github.com/gopatchy/bkl/required.go:27.2,28.20 2 1
github.com/gopatchy/bkl/required.go:28.20,30.3 1 1
github.com/gopatchy/bkl/required.go:32.2,32.33 1 1
github.com/gopatchy/bkl/required.go:37.49,39.2 1 1
github.com/gopatchy/bkl/required.go:41.37,42.28 1 1
github.com/gopatchy/bkl/required.go:43.22,44.27 1 1
github.com/gopatchy/bkl/required.go:46.13,47.28 1 1
github.com/gopatchy/bkl/required.go:49.14,50.26 1 1
github.com/gopatchy/bkl/required.go:50.26,52.4 1 1
github.com/gopatchy/bkl/required.go:54.3,54.18 1 1
github.com/gopatchy/bkl/required.go:56.10,57.18 1 1
github.com/gopatchy/bkl/required.go:61.51,64.24 2 1
github.com/gopatchy/bkl/required.go:64.24,66.17 2 1
github.com/gopatchy/bkl/required.go:66.17,68.4 1 0
github.com/gopatchy/bkl/required.go:70.3,70.16 1 1
github.com/gopatchy/bkl/required.go:70.16,71.12 1 1
github.com/gopatchy/bkl/required.go:74.3,74.14 1 1
github.com/gopatchy/bkl/required.go:77.2,77.18 1 1
github.com/gopatchy/bkl/required.go:77.18,79.3 1 1
github.com/gopatchy/bkl/required.go:81.2,81.17 1 1
github.com/gopatchy/bkl/required.go:84.43,87.24 2 1
github.com/gopatchy/bkl/required.go:87.24,89.17 2 1
github.com/gopatchy/bkl/required.go:89.17,91.4 1 0
github.com/gopatchy/bkl/required.go:93.3,93.16 1 1
github.com/gopatchy/bkl/required.go:93.16,94.12 1 1
github.com/gopatchy/bkl/required.go:97.3,97.24 1 1
github.com/gopatchy/bkl/required.go:100.2,100.18 1 1
github.com/gopatchy/bkl/required.go:100.18,102.3 1 1
github.com/gopatchy/bkl/required.go:104.2,104.17 1 1
github.com/gopatchy/bkl/toml.go:10.50,15.23 4 1
github.com/gopatchy/bkl/toml.go:15.23,19.14 3 1
github.com/gopatchy/bkl/toml.go:19.14,21.4 1 1
github.com/gopatchy/bkl/toml.go:23.3,24.17 2 1
github.com/gopatchy/bkl/toml.go:24.17,26.4 1 0
github.com/gopatchy/bkl/toml.go:29.2,29.25 1 1
github.com/gopatchy/bkl/toml.go:34.52,38.26 3 1
github.com/gopatchy/bkl/toml.go:38.26,42.17 3 1
github.com/gopatchy/bkl/toml.go:42.17,44.4 1 0
github.com/gopatchy/bkl/toml.go:46.3,46.25 1 1
github.com/gopatchy/bkl/toml.go:49.2,49.17 1 1
github.com/gopatchy/bkl/util.go:13.74,15.12 2 1
github.com/gopatchy/bkl/util.go:15.12,17.3 1 1
github.com/gopatchy/bkl/util.go:19.2,22.19 3 1
github.com/gopatchy/bkl/util.go:25.33,28.2 2 1
github.com/gopatchy/bkl/util.go:30.63,32.12 2 1
github.com/gopatchy/bkl/util.go:32.12,34.3 1 1
github.com/gopatchy/bkl/util.go:36.2,36.18 1 1
github.com/gopatchy/bkl/util.go:39.63,41.9 2 1
github.com/gopatchy/bkl/util.go:41.9,43.3 1 1
github.com/gopatchy/bkl/util.go:45.2,45.16 1 1
github.com/gopatchy/bkl/util.go:48.81,51.11 2 1
github.com/gopatchy/bkl/util.go:51.11,54.3 2 1
github.com/gopatchy/bkl/util.go:56.2,56.17 1 1
github.com/gopatchy/bkl/util.go:59.29,61.9 2 1
github.com/gopatchy/bkl/util.go:61.9,63.3 1 1
github.com/gopatchy/bkl/util.go:65.2,65.10 1 1
github.com/gopatchy/bkl/util.go:68.31,71.2 2 1
github.com/gopatchy/bkl/util.go:73.61,75.12 2 1
github.com/gopatchy/bkl/util.go:75.12,77.3 1 1
github.com/gopatchy/bkl/util.go:79.2,79.17 1 1
github.com/gopatchy/bkl/util.go:82.53,85.50 2 1
github.com/gopatchy/bkl/util.go:85.50,87.10 2 1
github.com/gopatchy/bkl/util.go:87.10,89.4 1 1
github.com/gopatchy/bkl/util.go:91.3,91.13 1 1
github.com/gopatchy/bkl/util.go:91.13,94.4 2 1
github.com/gopatchy/bkl/util.go:96.3,96.23 1 0
github.com/gopatchy/bkl/util.go:99.2,99.17 1 1
github.com/gopatchy/bkl/util.go:102.61,105.53 2 1
github.com/gopatchy/bkl/util.go:105.53,107.10 2 1
github.com/gopatchy/bkl/util.go:107.10,109.4 1 1
github.com/gopatchy/bkl/util.go:111.3,111.21 1 1
github.com/gopatchy/bkl/util.go:111.21,113.4 1 1
github.com/gopatchy/bkl/util.go:115.3,116.12 2 1
github.com/gopatchy/bkl/util.go:116.12,117.18 1 1
github.com/gopatchy/bkl/util.go:117.18,119.5 1 0
github.com/gopatchy/bkl/util.go:121.4,123.19 2 1
github.com/gopatchy/bkl/util.go:126.3,126.26 1 1
github.com/gopatchy/bkl/util.go:128.2,128.16 1 1
github.com/gopatchy/bkl/util.go:128.16,130.3 1 0
github.com/gopatchy/bkl/util.go:132.2,132.20 1 1
github.com/gopatchy/bkl/util.go:135.58,136.22 1 1
github.com/gopatchy/bkl/util.go:136.22,138.10 2 1
github.com/gopatchy/bkl/util.go:138.10,139.12 1 1
github.com/gopatchy/bkl/util.go:143.3,143.52 1 1
github.com/gopatchy/bkl/util.go:143.52,145.4 1 1
github.com/gopatchy/bkl/util.go:148.2,148.14 1 1
github.com/gopatchy/bkl/util.go:151.74,152.35 1 1
github.com/gopatchy/bkl/util.go:152.35,154.3 1 1
github.com/gopatchy/bkl/util.go:156.2,156.53 1 1
github.com/gopatchy/bkl/util.go:156.53,158.10 2 1
github.com/gopatchy/bkl/util.go:158.10,160.4 1 1
github.com/gopatchy/bkl/util.go:163.3,163.21 1 1
github.com/gopatchy/bkl/util.go:163.21,165.4 1 0
github.com/gopatchy/bkl/util.go:167.3,168.12 2 1
github.com/gopatchy/bkl/util.go:168.12,169.21 1 1
github.com/gopatchy/bkl/util.go:169.21,171.5 1 0
github.com/gopatchy/bkl/util.go:173.4,173.19 1 1
github.com/gopatchy/bkl/util.go:176.3,176.23 1 1
github.com/gopatchy/bkl/util.go:178.2,178.16 1 1
github.com/gopatchy/bkl/util.go:178.16,180.3 1 0
github.com/gopatchy/bkl/util.go:182.2,182.21 1 1
github.com/gopatchy/bkl/util.go:185.75,186.37 1 1
github.com/gopatchy/bkl/util.go:186.37,187.49 1 1
github.com/gopatchy/bkl/util.go:187.49,188.23 1 1
github.com/gopatchy/bkl/util.go:188.23,190.5 1 1
github.com/gopatchy/bkl/util.go:195.108,198.33 2 1
github.com/gopatchy/bkl/util.go:198.33,200.17 2 1
github.com/gopatchy/bkl/util.go:200.17,202.4 1 1
github.com/gopatchy/bkl/util.go:204.3,204.26 1 1
github.com/gopatchy/bkl/util.go:204.26,206.4 1 1
github.com/gopatchy/bkl/util.go:209.2,209.17 1 1
github.com/gopatchy/bkl/util.go:212.74,215.22 2 1
github.com/gopatchy/bkl/util.go:215.22,217.17 2 1
github.com/gopatchy/bkl/util.go:217.17,219.4 1 1
github.com/gopatchy/bkl/util.go:221.3,221.27 1 1
github.com/gopatchy/bkl/util.go:224.2,224.17 1 1
github.com/gopatchy/bkl/util.go:227.46,230.22 2 1
github.com/gopatchy/bkl/util.go:230.22,231.25 1 1
github.com/gopatchy/bkl/util.go:232.15,233.25 1 1
github.com/gopatchy/bkl/util.go:235.11,236.55 1 0
github.com/gopatchy/bkl/util.go:240.2,240.17 1 1
github.com/gopatchy/bkl/util.go:243.54,245.9 2 1
github.com/gopatchy/bkl/util.go:245.9,247.3 1 0
github.com/gopatchy/bkl/util.go:249.2,250.24 2 1
github.com/gopatchy/bkl/util.go:250.24,252.3 1 1
github.com/gopatchy/bkl/util.go:254.2,254.17 1 1
github.com/gopatchy/bkl/util.go:257.36,259.16 2 1
github.com/gopatchy/bkl/util.go:259.16,261.3 1 0
github.com/gopatchy/bkl/util.go:263.2,266.16 3 1
github.com/gopatchy/bkl/util.go:266.16,268.3 1 0
github.com/gopatchy/bkl/util.go:270.2,270.17 1 1
github.com/gopatchy/bkl/validate.go:10.30,11.28 1 1
github.com/gopatchy/bkl/validate.go:12.22,13.27 1 1
github.com/gopatchy/bkl/validate.go:15.13,16.28 1 1
github.com/gopatchy/bkl/validate.go:18.14,19.30 1 1
github.com/gopatchy/bkl/validate.go:21.10,22.13 1 1
github.com/gopatchy/bkl/validate.go:26.44,27.24 1 1
github.com/gopatchy/bkl/validate.go:27.24,29.17 2 1
github.com/gopatchy/bkl/validate.go:29.17,31.4 1 1
github.com/gopatchy/bkl/validate.go:33.3,34.17 2 1
github.com/gopatchy/bkl/validate.go:34.17,36.4 1 1
github.com/gopatchy/bkl/validate.go:39.2,39.12 1 1
github.com/gopatchy/bkl/validate.go:42.36,43.24 1 1
github.com/gopatchy/bkl/validate.go:43.24,45.17 2 1
github.com/gopatchy/bkl/validate.go:45.17,47.4 1 1
github.com/gopatchy/bkl/validate.go:50.2,50.12 1 1
github.com/gopatchy/bkl/validate.go:53.39,54.24 1 1
github.com/gopatchy/bkl/validate.go:54.24,56.3 1 1
github.com/gopatchy/bkl/validate.go:58.2,59.73 2 1
github.com/gopatchy/bkl/validate.go:59.73,61.3 1 1
github.com/gopatchy/bkl/validate.go:63.2,63.12 1 1
github.com/gopatchy/bkl/yaml.go:12.50,21.23 5 1
github.com/gopatchy/bkl/yaml.go:21.23,25.15 3 1
github.com/gopatchy/bkl/yaml.go:25.15,26.15 1 1
github.com/gopatchy/bkl/yaml.go:26.15,28.5 1 1
github.com/gopatchy/bkl/yaml.go:30.4,30.12 1 1
github.com/gopatchy/bkl/yaml.go:33.3,34.17 2 1
github.com/gopatchy/bkl/yaml.go:34.17,36.4 1 0
github.com/gopatchy/bkl/yaml.go:39.2,39.25 1 1
github.com/gopatchy/bkl/yaml.go:42.52,46.6 3 1
github.com/gopatchy/bkl/yaml.go:46.6,50.17 3 1
github.com/gopatchy/bkl/yaml.go:50.17,51.21 1 1
github.com/gopatchy/bkl/yaml.go:51.21,52.10 1 1
github.com/gopatchy/bkl/yaml.go:54.4,54.19 1 1
github.com/gopatchy/bkl/yaml.go:57.3,58.17 2 1
github.com/gopatchy/bkl/yaml.go:58.17,60.4 1 0
github.com/gopatchy/bkl/yaml.go:62.3,62.25 1 1
github.com/gopatchy/bkl/yaml.go:65.2,65.17 1 1
github.com/gopatchy/bkl/yaml.go:68.54,69.19 1 1
github.com/gopatchy/bkl/yaml.go:70.25,71.44 1 1
github.com/gopatchy/bkl/yaml.go:73.25,76.34 2 1
github.com/gopatchy/bkl/yaml.go:76.34,78.18 2 1
github.com/gopatchy/bkl/yaml.go:78.18,80.5 1 0
github.com/gopatchy/bkl/yaml.go:82.4,82.25 1 1
github.com/gopatchy/bkl/yaml.go:85.3,85.18 1 1
github.com/gopatchy/bkl/yaml.go:87.24,91.47 2 1
github.com/gopatchy/bkl/yaml.go:91.47,92.37 1 1
github.com/gopatchy/bkl/yaml.go:92.37,94.19 2 1
github.com/gopatchy/bkl/yaml.go:94.19,96.6 1 0
github.com/gopatchy/bkl/yaml.go:98.5,99.19 2 1
github.com/gopatchy/bkl/yaml.go:99.19,101.6 1 0
github.com/gopatchy/bkl/yaml.go:106.3,106.47 1 1
github.com/gopatchy/bkl/yaml.go:106.47,107.37 1 1
github.com/gopatchy/bkl/yaml.go:107.37,108.13 1 1
github.com/gopatchy/bkl/yaml.go:111.4,112.18 2 1
github.com/gopatchy/bkl/yaml.go:112.18,114.5 1 0
github.com/gopatchy/bkl/yaml.go:116.4,116.35 1 1
github.com/gopatchy/bkl/yaml.go:119.3,119.18 1 1
github.com/gopatchy/bkl/yaml.go:121.23,122.26 1 1
github.com/gopatchy/bkl/yaml.go:123.17,124.40 1 1
github.com/gopatchy/bkl/yaml.go:126.16,128.18 2 1
github.com/gopatchy/bkl/yaml.go:128.18,130.5 1 1
github.com/gopatchy/bkl/yaml.go:132.4,132.47 1 0
github.com/gopatchy/bkl/yaml.go:134.18,136.18 2 1
github.com/gopatchy/bkl/yaml.go:136.18,138.5 1 1
github.com/gopatchy/bkl/yaml.go:140.4,140.45 1 0
github.com/gopatchy/bkl/yaml.go:142.17,143.19 1 1
github.com/gopatchy/bkl/yaml.go:145.31,146.26 1 1
github.com/gopatchy/bkl/yaml.go:148.11,149.94 1 0
github.com/gopatchy/bkl/yaml.go:152.22,153.39 1 1
github.com/gopatchy/bkl/yaml.go:155.9,156.18 1 0
github.com/gopatchy/bkl/yaml.go:158.10,159.82 1 0
github.com/gopatchy/bkl/yaml.go:164.68,165.28 1 1
github.com/gopatchy/bkl/yaml.go:166.22,167.26 1 1
github.com/gopatchy/bkl/yaml.go:167.26,169.4 1 1
github.com/gopatchy/bkl/yaml.go:170.13,171.39 1 1
github.com/gopatchy/bkl/yaml.go:171.39,172.35 1 1
github.com/gopatchy/bkl/yaml.go:173.24,174.29 1 1
github.com/gopatchy/bkl/yaml.go:174.29,176.6 1 1
github.com/gopatchy/bkl/yaml.go:177.12,178.91 1 0
github.com/gopatchy/bkl/yaml.go:181.10,182.89 1 0
github.com/gopatchy/bkl/yaml.go:185.2,185.12 1 1
